Performing C SOURCE FILE Test CMAKE_HAVE_LIBC_PTHREAD failed with the following output:
Change Dir: /home/josyula/git/openrave/build/CMakeFiles/CMakeTmp

Run Build Command(s):/usr/bin/make cmTC_76aad/fast && /usr/bin/make -f CMakeFiles/cmTC_76aad.dir/build.make CMakeFiles/cmTC_76aad.dir/build
make[1]: Entering directory '/home/josyula/git/openrave/build/CMakeFiles/CMakeTmp'
Building C object CMakeFiles/cmTC_76aad.dir/src.c.o
/usr/bin/cc   -DCMAKE_HAVE_LIBC_PTHREAD -O3 -DNDEBUG   -o CMakeFiles/cmTC_76aad.dir/src.c.o   -c /home/josyula/git/openrave/build/CMakeFiles/CMakeTmp/src.c
Linking C executable cmTC_76aad
/usr/bin/cmake -E cmake_link_script CMakeFiles/cmTC_76aad.dir/link.txt --verbose=1
/usr/bin/cc  -DCMAKE_HAVE_LIBC_PTHREAD -O3 -DNDEBUG    -rdynamic CMakeFiles/cmTC_76aad.dir/src.c.o  -o cmTC_76aad 
/usr/bin/ld: CMakeFiles/cmTC_76aad.dir/src.c.o: in function `main':
src.c:(.text.startup+0x29): undefined reference to `pthread_create'
/usr/bin/ld: src.c:(.text.startup+0x32): undefined reference to `pthread_detach'
/usr/bin/ld: src.c:(.text.startup+0x3d): undefined reference to `pthread_join'
collect2: error: ld returned 1 exit status
make[1]: *** [CMakeFiles/cmTC_76aad.dir/build.make:87: cmTC_76aad] Error 1
make[1]: Leaving directory '/home/josyula/git/openrave/build/CMakeFiles/CMakeTmp'
make: *** [Makefile:121: cmTC_76aad/fast] Error 2


Source file was:
#include <pthread.h>

void* test_func(void* data)
{
  return data;
}

int main(void)
{
  pthread_t thread;
  pthread_create(&thread, NULL, test_func, NULL);
  pthread_detach(thread);
  pthread_join(thread, NULL);
  pthread_atfork(NULL, NULL, NULL);
  pthread_exit(NULL);

  return 0;
}

Determining if the function pthread_create exists in the pthreads failed with the following output:
Change Dir: /home/josyula/git/openrave/build/CMakeFiles/CMakeTmp

Run Build Command(s):/usr/bin/make cmTC_69011/fast && /usr/bin/make -f CMakeFiles/cmTC_69011.dir/build.make CMakeFiles/cmTC_69011.dir/build
make[1]: Entering directory '/home/josyula/git/openrave/build/CMakeFiles/CMakeTmp'
Building C object CMakeFiles/cmTC_69011.dir/CheckFunctionExists.c.o
/usr/bin/cc   -DCHECK_FUNCTION_EXISTS=pthread_create -O3 -DNDEBUG   -o CMakeFiles/cmTC_69011.dir/CheckFunctionExists.c.o   -c /usr/share/cmake-3.16/Modules/CheckFunctionExists.c
Linking C executable cmTC_69011
/usr/bin/cmake -E cmake_link_script CMakeFiles/cmTC_69011.dir/link.txt --verbose=1
/usr/bin/cc  -DCHECK_FUNCTION_EXISTS=pthread_create -O3 -DNDEBUG    -rdynamic CMakeFiles/cmTC_69011.dir/CheckFunctionExists.c.o  -o cmTC_69011  -lpthreads 
/usr/bin/ld: cannot find -lpthreads
collect2: error: ld returned 1 exit status
make[1]: *** [CMakeFiles/cmTC_69011.dir/build.make:87: cmTC_69011] Error 1
make[1]: Leaving directory '/home/josyula/git/openrave/build/CMakeFiles/CMakeTmp'
make: *** [Makefile:121: cmTC_69011/fast] Error 2



Determining if the function crlibm_init exists in the crlibm failed with the following output:
Change Dir: /home/josyula/git/openrave/build/CMakeFiles/CMakeTmp

Run Build Command(s):/usr/bin/make cmTC_f0982/fast && /usr/bin/make -f CMakeFiles/cmTC_f0982.dir/build.make CMakeFiles/cmTC_f0982.dir/build
make[1]: Entering directory '/home/josyula/git/openrave/build/CMakeFiles/CMakeTmp'
Building C object CMakeFiles/cmTC_f0982.dir/CheckFunctionExists.c.o
/usr/bin/cc   -DCHECK_FUNCTION_EXISTS=crlibm_init -O3 -DNDEBUG   -o CMakeFiles/cmTC_f0982.dir/CheckFunctionExists.c.o   -c /usr/share/cmake-3.16/Modules/CheckFunctionExists.c
Linking C executable cmTC_f0982
/usr/bin/cmake -E cmake_link_script CMakeFiles/cmTC_f0982.dir/link.txt --verbose=1
/usr/bin/cc  -DCHECK_FUNCTION_EXISTS=crlibm_init -O3 -DNDEBUG    -rdynamic CMakeFiles/cmTC_f0982.dir/CheckFunctionExists.c.o  -o cmTC_f0982  -lcrlibm 
/usr/bin/ld: cannot find -lcrlibm
collect2: error: ld returned 1 exit status
make[1]: *** [CMakeFiles/cmTC_f0982.dir/build.make:87: cmTC_f0982] Error 1
make[1]: Leaving directory '/home/josyula/git/openrave/build/CMakeFiles/CMakeTmp'
make: *** [Makefile:121: cmTC_f0982/fast] Error 2



Determining if the include file crlibm.h exists failed with the following output:
Change Dir: /home/josyula/git/openrave/build/CMakeFiles/CMakeTmp

Run Build Command(s):/usr/bin/make cmTC_6c64e/fast && /usr/bin/make -f CMakeFiles/cmTC_6c64e.dir/build.make CMakeFiles/cmTC_6c64e.dir/build
make[1]: Entering directory '/home/josyula/git/openrave/build/CMakeFiles/CMakeTmp'
Building C object CMakeFiles/cmTC_6c64e.dir/CheckIncludeFile.c.o
/usr/bin/cc   -O3 -DNDEBUG   -o CMakeFiles/cmTC_6c64e.dir/CheckIncludeFile.c.o   -c /home/josyula/git/openrave/build/CMakeFiles/CMakeTmp/CheckIncludeFile.c
/home/josyula/git/openrave/build/CMakeFiles/CMakeTmp/CheckIncludeFile.c:1:10: fatal error: crlibm.h: No such file or directory
    1 | #include <crlibm.h>
      |          ^~~~~~~~~~
compilation terminated.
make[1]: *** [CMakeFiles/cmTC_6c64e.dir/build.make:66: CMakeFiles/cmTC_6c64e.dir/CheckIncludeFile.c.o] Error 1
make[1]: Leaving directory '/home/josyula/git/openrave/build/CMakeFiles/CMakeTmp'
make: *** [Makefile:121: cmTC_6c64e/fast] Error 2



Performing C++ SOURCE FILE Test IS_ASSIMP_PRE_R896 failed with the following output:
Change Dir: /home/josyula/git/openrave/build/CMakeFiles/CMakeTmp

Run Build Command(s):/usr/bin/make cmTC_03fc8/fast && /usr/bin/make -f CMakeFiles/cmTC_03fc8.dir/build.make CMakeFiles/cmTC_03fc8.dir/build
make[1]: Entering directory '/home/josyula/git/openrave/build/CMakeFiles/CMakeTmp'
Building CXX object CMakeFiles/cmTC_03fc8.dir/src.cxx.o
/usr/bin/c++    -DIS_ASSIMP_PRE_R896 -O3 -DNDEBUG   -o CMakeFiles/cmTC_03fc8.dir/src.cxx.o -c /home/josyula/git/openrave/build/CMakeFiles/CMakeTmp/src.cxx
/home/josyula/git/openrave/build/CMakeFiles/CMakeTmp/src.cxx:2:12: fatal error: assimp/Logger.h: No such file or directory
    2 |   #include <assimp/Logger.h>
      |            ^~~~~~~~~~~~~~~~~
compilation terminated.
make[1]: *** [CMakeFiles/cmTC_03fc8.dir/build.make:66: CMakeFiles/cmTC_03fc8.dir/src.cxx.o] Error 1
make[1]: Leaving directory '/home/josyula/git/openrave/build/CMakeFiles/CMakeTmp'
make: *** [Makefile:121: cmTC_03fc8/fast] Error 2


Source file was:
 
  #include <assimp/Logger.h> 
  int main() 
  { 
      Assimp::Logger::WARN; 
      return 0; 
  }
Determining if the function _Z8annClosev exists in the ANN failed with the following output:
Change Dir: /home/josyula/git/openrave/build/CMakeFiles/CMakeTmp

Run Build Command(s):/usr/bin/make cmTC_d21c1/fast && /usr/bin/make -f CMakeFiles/cmTC_d21c1.dir/build.make CMakeFiles/cmTC_d21c1.dir/build
make[1]: Entering directory '/home/josyula/git/openrave/build/CMakeFiles/CMakeTmp'
Building C object CMakeFiles/cmTC_d21c1.dir/CheckFunctionExists.c.o
/usr/bin/cc   -DCHECK_FUNCTION_EXISTS=_Z8annClosev -O3 -DNDEBUG   -o CMakeFiles/cmTC_d21c1.dir/CheckFunctionExists.c.o   -c /usr/share/cmake-3.16/Modules/CheckFunctionExists.c
Linking C executable cmTC_d21c1
/usr/bin/cmake -E cmake_link_script CMakeFiles/cmTC_d21c1.dir/link.txt --verbose=1
/usr/bin/cc  -DCHECK_FUNCTION_EXISTS=_Z8annClosev -O3 -DNDEBUG    -rdynamic CMakeFiles/cmTC_d21c1.dir/CheckFunctionExists.c.o  -o cmTC_d21c1  -lANN 
/usr/bin/ld: cannot find -lANN
collect2: error: ld returned 1 exit status
make[1]: *** [CMakeFiles/cmTC_d21c1.dir/build.make:87: cmTC_d21c1] Error 1
make[1]: Leaving directory '/home/josyula/git/openrave/build/CMakeFiles/CMakeTmp'
make: *** [Makefile:121: cmTC_d21c1/fast] Error 2



Determining if the function annClose exists in the ANN failed with the following output:
Change Dir: /home/josyula/git/openrave/build/CMakeFiles/CMakeTmp

Run Build Command(s):/usr/bin/make cmTC_7e22e/fast && /usr/bin/make -f CMakeFiles/cmTC_7e22e.dir/build.make CMakeFiles/cmTC_7e22e.dir/build
make[1]: Entering directory '/home/josyula/git/openrave/build/CMakeFiles/CMakeTmp'
Building C object CMakeFiles/cmTC_7e22e.dir/CheckFunctionExists.c.o
/usr/bin/cc   -DCHECK_FUNCTION_EXISTS=annClose -O3 -DNDEBUG   -o CMakeFiles/cmTC_7e22e.dir/CheckFunctionExists.c.o   -c /usr/share/cmake-3.16/Modules/CheckFunctionExists.c
Linking C executable cmTC_7e22e
/usr/bin/cmake -E cmake_link_script CMakeFiles/cmTC_7e22e.dir/link.txt --verbose=1
/usr/bin/cc  -DCHECK_FUNCTION_EXISTS=annClose -O3 -DNDEBUG    -rdynamic CMakeFiles/cmTC_7e22e.dir/CheckFunctionExists.c.o  -o cmTC_7e22e  -lANN 
/usr/bin/ld: cannot find -lANN
collect2: error: ld returned 1 exit status
make[1]: *** [CMakeFiles/cmTC_7e22e.dir/build.make:87: cmTC_7e22e] Error 1
make[1]: Leaving directory '/home/josyula/git/openrave/build/CMakeFiles/CMakeTmp'
make: *** [Makefile:121: cmTC_7e22e/fast] Error 2



Determining if the function asinh exists failed with the following output:
Change Dir: /home/josyula/git/openrave/build/CMakeFiles/CMakeTmp

Run Build Command(s):/usr/bin/make cmTC_3f554/fast && /usr/bin/make -f CMakeFiles/cmTC_3f554.dir/build.make CMakeFiles/cmTC_3f554.dir/build
make[1]: Entering directory '/home/josyula/git/openrave/build/CMakeFiles/CMakeTmp'
Building C object CMakeFiles/cmTC_3f554.dir/CheckFunctionExists.c.o
/usr/bin/cc   -DCHECK_FUNCTION_EXISTS=asinh -O3 -DNDEBUG   -o CMakeFiles/cmTC_3f554.dir/CheckFunctionExists.c.o   -c /usr/share/cmake-3.16/Modules/CheckFunctionExists.c
<command-line>: warning: conflicting types for built-in function ‘asinh’; expected ‘double(double)’ [-Wbuiltin-declaration-mismatch]
/usr/share/cmake-3.16/Modules/CheckFunctionExists.c:7:3: note: in expansion of macro ‘CHECK_FUNCTION_EXISTS’
    7 |   CHECK_FUNCTION_EXISTS(void);
      |   ^~~~~~~~~~~~~~~~~~~~~
/usr/share/cmake-3.16/Modules/CheckFunctionExists.c:1:1: note: ‘asinh’ is declared in header ‘<math.h>’
  +++ |+#include <math.h>
    1 | #ifdef CHECK_FUNCTION_EXISTS
Linking C executable cmTC_3f554
/usr/bin/cmake -E cmake_link_script CMakeFiles/cmTC_3f554.dir/link.txt --verbose=1
/usr/bin/cc  -DCHECK_FUNCTION_EXISTS=asinh -O3 -DNDEBUG    -rdynamic CMakeFiles/cmTC_3f554.dir/CheckFunctionExists.c.o  -o cmTC_3f554 
/usr/bin/ld: CMakeFiles/cmTC_3f554.dir/CheckFunctionExists.c.o: in function `main':
CheckFunctionExists.c:(.text.startup+0x10): undefined reference to `asinh'
collect2: error: ld returned 1 exit status
make[1]: *** [CMakeFiles/cmTC_3f554.dir/build.make:87: cmTC_3f554] Error 1
make[1]: Leaving directory '/home/josyula/git/openrave/build/CMakeFiles/CMakeTmp'
make: *** [Makefile:121: cmTC_3f554/fast] Error 2



Determining if the function acosh exists failed with the following output:
Change Dir: /home/josyula/git/openrave/build/CMakeFiles/CMakeTmp

Run Build Command(s):/usr/bin/make cmTC_ab671/fast && /usr/bin/make -f CMakeFiles/cmTC_ab671.dir/build.make CMakeFiles/cmTC_ab671.dir/build
make[1]: Entering directory '/home/josyula/git/openrave/build/CMakeFiles/CMakeTmp'
Building C object CMakeFiles/cmTC_ab671.dir/CheckFunctionExists.c.o
/usr/bin/cc   -DCHECK_FUNCTION_EXISTS=acosh -O3 -DNDEBUG   -o CMakeFiles/cmTC_ab671.dir/CheckFunctionExists.c.o   -c /usr/share/cmake-3.16/Modules/CheckFunctionExists.c
<command-line>: warning: conflicting types for built-in function ‘acosh’; expected ‘double(double)’ [-Wbuiltin-declaration-mismatch]
/usr/share/cmake-3.16/Modules/CheckFunctionExists.c:7:3: note: in expansion of macro ‘CHECK_FUNCTION_EXISTS’
    7 |   CHECK_FUNCTION_EXISTS(void);
      |   ^~~~~~~~~~~~~~~~~~~~~
/usr/share/cmake-3.16/Modules/CheckFunctionExists.c:1:1: note: ‘acosh’ is declared in header ‘<math.h>’
  +++ |+#include <math.h>
    1 | #ifdef CHECK_FUNCTION_EXISTS
Linking C executable cmTC_ab671
/usr/bin/cmake -E cmake_link_script CMakeFiles/cmTC_ab671.dir/link.txt --verbose=1
/usr/bin/cc  -DCHECK_FUNCTION_EXISTS=acosh -O3 -DNDEBUG    -rdynamic CMakeFiles/cmTC_ab671.dir/CheckFunctionExists.c.o  -o cmTC_ab671 
/usr/bin/ld: CMakeFiles/cmTC_ab671.dir/CheckFunctionExists.c.o: in function `main':
CheckFunctionExists.c:(.text.startup+0x10): undefined reference to `acosh'
collect2: error: ld returned 1 exit status
make[1]: *** [CMakeFiles/cmTC_ab671.dir/build.make:87: cmTC_ab671] Error 1
make[1]: Leaving directory '/home/josyula/git/openrave/build/CMakeFiles/CMakeTmp'
make: *** [Makefile:121: cmTC_ab671/fast] Error 2



Determining if the function atanh exists failed with the following output:
Change Dir: /home/josyula/git/openrave/build/CMakeFiles/CMakeTmp

Run Build Command(s):/usr/bin/make cmTC_e5e22/fast && /usr/bin/make -f CMakeFiles/cmTC_e5e22.dir/build.make CMakeFiles/cmTC_e5e22.dir/build
make[1]: Entering directory '/home/josyula/git/openrave/build/CMakeFiles/CMakeTmp'
Building C object CMakeFiles/cmTC_e5e22.dir/CheckFunctionExists.c.o
/usr/bin/cc   -DCHECK_FUNCTION_EXISTS=atanh -O3 -DNDEBUG   -o CMakeFiles/cmTC_e5e22.dir/CheckFunctionExists.c.o   -c /usr/share/cmake-3.16/Modules/CheckFunctionExists.c
<command-line>: warning: conflicting types for built-in function ‘atanh’; expected ‘double(double)’ [-Wbuiltin-declaration-mismatch]
/usr/share/cmake-3.16/Modules/CheckFunctionExists.c:7:3: note: in expansion of macro ‘CHECK_FUNCTION_EXISTS’
    7 |   CHECK_FUNCTION_EXISTS(void);
      |   ^~~~~~~~~~~~~~~~~~~~~
/usr/share/cmake-3.16/Modules/CheckFunctionExists.c:1:1: note: ‘atanh’ is declared in header ‘<math.h>’
  +++ |+#include <math.h>
    1 | #ifdef CHECK_FUNCTION_EXISTS
Linking C executable cmTC_e5e22
/usr/bin/cmake -E cmake_link_script CMakeFiles/cmTC_e5e22.dir/link.txt --verbose=1
/usr/bin/cc  -DCHECK_FUNCTION_EXISTS=atanh -O3 -DNDEBUG    -rdynamic CMakeFiles/cmTC_e5e22.dir/CheckFunctionExists.c.o  -o cmTC_e5e22 
/usr/bin/ld: CMakeFiles/cmTC_e5e22.dir/CheckFunctionExists.c.o: in function `main':
CheckFunctionExists.c:(.text.startup+0x10): undefined reference to `atanh'
collect2: error: ld returned 1 exit status
make[1]: *** [CMakeFiles/cmTC_e5e22.dir/build.make:87: cmTC_e5e22] Error 1
make[1]: Leaving directory '/home/josyula/git/openrave/build/CMakeFiles/CMakeTmp'
make: *** [Makefile:121: cmTC_e5e22/fast] Error 2



Determining if the function exp2 exists failed with the following output:
Change Dir: /home/josyula/git/openrave/build/CMakeFiles/CMakeTmp

Run Build Command(s):/usr/bin/make cmTC_f6cf4/fast && /usr/bin/make -f CMakeFiles/cmTC_f6cf4.dir/build.make CMakeFiles/cmTC_f6cf4.dir/build
make[1]: Entering directory '/home/josyula/git/openrave/build/CMakeFiles/CMakeTmp'
Building C object CMakeFiles/cmTC_f6cf4.dir/CheckFunctionExists.c.o
/usr/bin/cc   -DCHECK_FUNCTION_EXISTS=exp2 -O3 -DNDEBUG   -o CMakeFiles/cmTC_f6cf4.dir/CheckFunctionExists.c.o   -c /usr/share/cmake-3.16/Modules/CheckFunctionExists.c
<command-line>: warning: conflicting types for built-in function ‘exp2’; expected ‘double(double)’ [-Wbuiltin-declaration-mismatch]
/usr/share/cmake-3.16/Modules/CheckFunctionExists.c:7:3: note: in expansion of macro ‘CHECK_FUNCTION_EXISTS’
    7 |   CHECK_FUNCTION_EXISTS(void);
      |   ^~~~~~~~~~~~~~~~~~~~~
/usr/share/cmake-3.16/Modules/CheckFunctionExists.c:1:1: note: ‘exp2’ is declared in header ‘<math.h>’
  +++ |+#include <math.h>
    1 | #ifdef CHECK_FUNCTION_EXISTS
Linking C executable cmTC_f6cf4
/usr/bin/cmake -E cmake_link_script CMakeFiles/cmTC_f6cf4.dir/link.txt --verbose=1
/usr/bin/cc  -DCHECK_FUNCTION_EXISTS=exp2 -O3 -DNDEBUG    -rdynamic CMakeFiles/cmTC_f6cf4.dir/CheckFunctionExists.c.o  -o cmTC_f6cf4 
/usr/bin/ld: CMakeFiles/cmTC_f6cf4.dir/CheckFunctionExists.c.o: in function `main':
CheckFunctionExists.c:(.text.startup+0x10): undefined reference to `exp2'
collect2: error: ld returned 1 exit status
make[1]: *** [CMakeFiles/cmTC_f6cf4.dir/build.make:87: cmTC_f6cf4] Error 1
make[1]: Leaving directory '/home/josyula/git/openrave/build/CMakeFiles/CMakeTmp'
make: *** [Makefile:121: cmTC_f6cf4/fast] Error 2



Determining if the function log2 exists failed with the following output:
Change Dir: /home/josyula/git/openrave/build/CMakeFiles/CMakeTmp

Run Build Command(s):/usr/bin/make cmTC_e6a42/fast && /usr/bin/make -f CMakeFiles/cmTC_e6a42.dir/build.make CMakeFiles/cmTC_e6a42.dir/build
make[1]: Entering directory '/home/josyula/git/openrave/build/CMakeFiles/CMakeTmp'
Building C object CMakeFiles/cmTC_e6a42.dir/CheckFunctionExists.c.o
/usr/bin/cc   -DCHECK_FUNCTION_EXISTS=log2 -O3 -DNDEBUG   -o CMakeFiles/cmTC_e6a42.dir/CheckFunctionExists.c.o   -c /usr/share/cmake-3.16/Modules/CheckFunctionExists.c
<command-line>: warning: conflicting types for built-in function ‘log2’; expected ‘double(double)’ [-Wbuiltin-declaration-mismatch]
/usr/share/cmake-3.16/Modules/CheckFunctionExists.c:7:3: note: in expansion of macro ‘CHECK_FUNCTION_EXISTS’
    7 |   CHECK_FUNCTION_EXISTS(void);
      |   ^~~~~~~~~~~~~~~~~~~~~
/usr/share/cmake-3.16/Modules/CheckFunctionExists.c:1:1: note: ‘log2’ is declared in header ‘<math.h>’
  +++ |+#include <math.h>
    1 | #ifdef CHECK_FUNCTION_EXISTS
Linking C executable cmTC_e6a42
/usr/bin/cmake -E cmake_link_script CMakeFiles/cmTC_e6a42.dir/link.txt --verbose=1
/usr/bin/cc  -DCHECK_FUNCTION_EXISTS=log2 -O3 -DNDEBUG    -rdynamic CMakeFiles/cmTC_e6a42.dir/CheckFunctionExists.c.o  -o cmTC_e6a42 
/usr/bin/ld: CMakeFiles/cmTC_e6a42.dir/CheckFunctionExists.c.o: in function `main':
CheckFunctionExists.c:(.text.startup+0x10): undefined reference to `log2'
collect2: error: ld returned 1 exit status
make[1]: *** [CMakeFiles/cmTC_e6a42.dir/build.make:87: cmTC_e6a42] Error 1
make[1]: Leaving directory '/home/josyula/git/openrave/build/CMakeFiles/CMakeTmp'
make: *** [Makefile:121: cmTC_e6a42/fast] Error 2



Determining if the function sgemm_ exists failed with the following output:
Change Dir: /home/josyula/git/openrave/build/CMakeFiles/CMakeTmp

Run Build Command(s):/usr/bin/make cmTC_17922/fast && /usr/bin/make -f CMakeFiles/cmTC_17922.dir/build.make CMakeFiles/cmTC_17922.dir/build
make[1]: Entering directory '/home/josyula/git/openrave/build/CMakeFiles/CMakeTmp'
Building C object CMakeFiles/cmTC_17922.dir/CheckFunctionExists.c.o
/usr/bin/cc   -DCHECK_FUNCTION_EXISTS=sgemm_ -O3 -DNDEBUG   -o CMakeFiles/cmTC_17922.dir/CheckFunctionExists.c.o   -c /usr/share/cmake-3.16/Modules/CheckFunctionExists.c
Linking C executable cmTC_17922
/usr/bin/cmake -E cmake_link_script CMakeFiles/cmTC_17922.dir/link.txt --verbose=1
/usr/bin/cc  -DCHECK_FUNCTION_EXISTS=sgemm_ -O3 -DNDEBUG    -rdynamic CMakeFiles/cmTC_17922.dir/CheckFunctionExists.c.o  -o cmTC_17922 
/usr/bin/ld: CMakeFiles/cmTC_17922.dir/CheckFunctionExists.c.o: in function `main':
CheckFunctionExists.c:(.text.startup+0x10): undefined reference to `sgemm_'
collect2: error: ld returned 1 exit status
make[1]: *** [CMakeFiles/cmTC_17922.dir/build.make:87: cmTC_17922] Error 1
make[1]: Leaving directory '/home/josyula/git/openrave/build/CMakeFiles/CMakeTmp'
make: *** [Makefile:121: cmTC_17922/fast] Error 2



Determining if the function cheev_ exists failed with the following output:
Change Dir: /home/josyula/git/openrave/build/CMakeFiles/CMakeTmp

Run Build Command(s):/usr/bin/make cmTC_3346c/fast && /usr/bin/make -f CMakeFiles/cmTC_3346c.dir/build.make CMakeFiles/cmTC_3346c.dir/build
make[1]: Entering directory '/home/josyula/git/openrave/build/CMakeFiles/CMakeTmp'
Building C object CMakeFiles/cmTC_3346c.dir/CheckFunctionExists.c.o
/usr/bin/cc   -DCHECK_FUNCTION_EXISTS=cheev_ -O3 -DNDEBUG   -o CMakeFiles/cmTC_3346c.dir/CheckFunctionExists.c.o   -c /usr/share/cmake-3.16/Modules/CheckFunctionExists.c
Linking C executable cmTC_3346c
/usr/bin/cmake -E cmake_link_script CMakeFiles/cmTC_3346c.dir/link.txt --verbose=1
/usr/bin/cc  -DCHECK_FUNCTION_EXISTS=cheev_ -O3 -DNDEBUG    -rdynamic CMakeFiles/cmTC_3346c.dir/CheckFunctionExists.c.o  -o cmTC_3346c  /usr/lib/x86_64-linux-gnu/libf77blas.so /usr/lib/x86_64-linux-gnu/libatlas.so 
/usr/bin/ld: CMakeFiles/cmTC_3346c.dir/CheckFunctionExists.c.o: in function `main':
CheckFunctionExists.c:(.text.startup+0x10): undefined reference to `cheev_'
collect2: error: ld returned 1 exit status
make[1]: *** [CMakeFiles/cmTC_3346c.dir/build.make:89: cmTC_3346c] Error 1
make[1]: Leaving directory '/home/josyula/git/openrave/build/CMakeFiles/CMakeTmp'
make: *** [Makefile:121: cmTC_3346c/fast] Error 2



Determining if the include file ffmpeg/avformat.h exists failed with the following output:
Change Dir: /home/josyula/git/openrave/build/CMakeFiles/CMakeTmp

Run Build Command(s):/usr/bin/make cmTC_8b653/fast && /usr/bin/make -f CMakeFiles/cmTC_8b653.dir/build.make CMakeFiles/cmTC_8b653.dir/build
make[1]: Entering directory '/home/josyula/git/openrave/build/CMakeFiles/CMakeTmp'
Building C object CMakeFiles/cmTC_8b653.dir/CheckIncludeFile.c.o
/usr/bin/cc   -O3 -DNDEBUG   -o CMakeFiles/cmTC_8b653.dir/CheckIncludeFile.c.o   -c /home/josyula/git/openrave/build/CMakeFiles/CMakeTmp/CheckIncludeFile.c
/home/josyula/git/openrave/build/CMakeFiles/CMakeTmp/CheckIncludeFile.c:1:10: fatal error: ffmpeg/avformat.h: No such file or directory
    1 | #include <ffmpeg/avformat.h>
      |          ^~~~~~~~~~~~~~~~~~~
compilation terminated.
make[1]: *** [CMakeFiles/cmTC_8b653.dir/build.make:66: CMakeFiles/cmTC_8b653.dir/CheckIncludeFile.c.o] Error 1
make[1]: Leaving directory '/home/josyula/git/openrave/build/CMakeFiles/CMakeTmp'
make: *** [Makefile:121: cmTC_8b653/fast] Error 2



Determining if the include file ffmpeg/avcodec.h exists failed with the following output:
Change Dir: /home/josyula/git/openrave/build/CMakeFiles/CMakeTmp

Run Build Command(s):/usr/bin/make cmTC_7894b/fast && /usr/bin/make -f CMakeFiles/cmTC_7894b.dir/build.make CMakeFiles/cmTC_7894b.dir/build
make[1]: Entering directory '/home/josyula/git/openrave/build/CMakeFiles/CMakeTmp'
Building C object CMakeFiles/cmTC_7894b.dir/CheckIncludeFile.c.o
/usr/bin/cc   -O3 -DNDEBUG   -o CMakeFiles/cmTC_7894b.dir/CheckIncludeFile.c.o   -c /home/josyula/git/openrave/build/CMakeFiles/CMakeTmp/CheckIncludeFile.c
/home/josyula/git/openrave/build/CMakeFiles/CMakeTmp/CheckIncludeFile.c:1:10: fatal error: ffmpeg/avcodec.h: No such file or directory
    1 | #include <ffmpeg/avcodec.h>
      |          ^~~~~~~~~~~~~~~~~~
compilation terminated.
make[1]: *** [CMakeFiles/cmTC_7894b.dir/build.make:66: CMakeFiles/cmTC_7894b.dir/CheckIncludeFile.c.o] Error 1
make[1]: Leaving directory '/home/josyula/git/openrave/build/CMakeFiles/CMakeTmp'
make: *** [Makefile:121: cmTC_7894b/fast] Error 2



Performing C++ SOURCE FILE Test NEED_TRIINDEX failed with the following output:
Change Dir: /home/josyula/git/openrave/build/CMakeFiles/CMakeTmp

Run Build Command(s):/usr/bin/make cmTC_7f555/fast && /usr/bin/make -f CMakeFiles/cmTC_7f555.dir/build.make CMakeFiles/cmTC_7f555.dir/build
make[1]: Entering directory '/home/josyula/git/openrave/build/CMakeFiles/CMakeTmp'
Building CXX object CMakeFiles/cmTC_7f555.dir/src.cxx.o
/usr/bin/c++    -DNEED_TRIINDEX  -L/usr/lib/x86_64-linux-gnu -O3 -DNDEBUG   -o CMakeFiles/cmTC_7f555.dir/src.cxx.o -c /home/josyula/git/openrave/build/CMakeFiles/CMakeTmp/src.cxx
/home/josyula/git/openrave/build/CMakeFiles/CMakeTmp/src.cxx:4:17: error: conflicting declaration ‘typedef int dTriIndex’
    4 |     typedef int dTriIndex;
      |                 ^~~~~~~~~
In file included from /usr/include/ode/ode.h:30,
                 from /home/josyula/git/openrave/build/CMakeFiles/CMakeTmp/src.cxx:2:
/usr/include/ode/common.h:85:17: note: previous declaration as ‘typedef duint32 dTriIndex’
   85 | typedef duint32 dTriIndex;
      |                 ^~~~~~~~~
make[1]: *** [CMakeFiles/cmTC_7f555.dir/build.make:66: CMakeFiles/cmTC_7f555.dir/src.cxx.o] Error 1
make[1]: Leaving directory '/home/josyula/git/openrave/build/CMakeFiles/CMakeTmp'
make: *** [Makefile:121: cmTC_7f555/fast] Error 2


Source file was:

    #include <ode/ode.h>

    typedef int dTriIndex;
    int main()
    {
      return 0;
    }
Performing C++ SOURCE FILE Test FCL_HAS_REPLACEOBJECT failed with the following output:
Change Dir: /home/josyula/git/openrave/build/CMakeFiles/CMakeTmp

Run Build Command(s):/usr/bin/make cmTC_2cd34/fast && /usr/bin/make -f CMakeFiles/cmTC_2cd34.dir/build.make CMakeFiles/cmTC_2cd34.dir/build
make[1]: Entering directory '/home/josyula/git/openrave/build/CMakeFiles/CMakeTmp'
Building CXX object CMakeFiles/cmTC_2cd34.dir/src.cxx.o
/usr/bin/c++    -DFCL_HAS_REPLACEOBJECT -DOPENRAVE_DLL  -fPIC -DOPENRAVE_HAS_LAPACK -std=c++11 -std=c++11  -L/usr/local/lib -O3 -DNDEBUG   -o CMakeFiles/cmTC_2cd34.dir/src.cxx.o -c /home/josyula/git/openrave/build/CMakeFiles/CMakeTmp/src.cxx
/home/josyula/git/openrave/build/CMakeFiles/CMakeTmp/src.cxx: In function ‘int main()’:
/home/josyula/git/openrave/build/CMakeFiles/CMakeTmp/src.cxx:6:17: error: ‘class fcl::NaiveCollisionManager’ has no member named ‘replaceObject’
    6 |         manager.replaceObject(nullptr, nullptr, false);
      |                 ^~~~~~~~~~~~~
make[1]: *** [CMakeFiles/cmTC_2cd34.dir/build.make:66: CMakeFiles/cmTC_2cd34.dir/src.cxx.o] Error 1
make[1]: Leaving directory '/home/josyula/git/openrave/build/CMakeFiles/CMakeTmp'
make: *** [Makefile:121: cmTC_2cd34/fast] Error 2


Source file was:

      #include <fcl/broadphase/broadphase.h>

      int main() {
        fcl::NaiveCollisionManager manager;
        manager.replaceObject(nullptr, nullptr, false);
        return 0;
      }
Performing C++ SOURCE FILE Test FCL_SUPPORT_BULK_UPDATE failed with the following output:
Change Dir: /home/josyula/git/openrave/build/CMakeFiles/CMakeTmp

Run Build Command(s):/usr/bin/make cmTC_3dea2/fast && /usr/bin/make -f CMakeFiles/cmTC_3dea2.dir/build.make CMakeFiles/cmTC_3dea2.dir/build
make[1]: Entering directory '/home/josyula/git/openrave/build/CMakeFiles/CMakeTmp'
Building CXX object CMakeFiles/cmTC_3dea2.dir/src.cxx.o
/usr/bin/c++    -DFCL_SUPPORT_BULK_UPDATE -DOPENRAVE_DLL  -fPIC -DOPENRAVE_HAS_LAPACK -std=c++11 -std=c++11  -L/usr/local/lib -O3 -DNDEBUG   -o CMakeFiles/cmTC_3dea2.dir/src.cxx.o -c /home/josyula/git/openrave/build/CMakeFiles/CMakeTmp/src.cxx
/home/josyula/git/openrave/build/CMakeFiles/CMakeTmp/src.cxx: In function ‘int main()’:
/home/josyula/git/openrave/build/CMakeFiles/CMakeTmp/src.cxx:7:32: error: no matching function for call to ‘fcl::DynamicAABBTreeCollisionManager::update(std::vector<fcl::CollisionObject*>&, bool)’
    7 |         manager.update(v, false);
      |                                ^
In file included from /usr/local/include/fcl/broadphase/broadphase.h:238,
                 from /home/josyula/git/openrave/build/CMakeFiles/CMakeTmp/src.cxx:2:
/usr/local/include/fcl/broadphase/broadphase_dynamic_AABB_tree.h:98:8: note: candidate: ‘virtual void fcl::DynamicAABBTreeCollisionManager::update()’
   98 |   void update();
      |        ^~~~~~
/usr/local/include/fcl/broadphase/broadphase_dynamic_AABB_tree.h:98:8: note:   candidate expects 0 arguments, 2 provided
/usr/local/include/fcl/broadphase/broadphase_dynamic_AABB_tree.h:101:8: note: candidate: ‘virtual void fcl::DynamicAABBTreeCollisionManager::update(fcl::CollisionObject*)’
  101 |   void update(CollisionObject* updated_obj);
      |        ^~~~~~
/usr/local/include/fcl/broadphase/broadphase_dynamic_AABB_tree.h:101:8: note:   candidate expects 1 argument, 2 provided
/usr/local/include/fcl/broadphase/broadphase_dynamic_AABB_tree.h:104:8: note: candidate: ‘virtual void fcl::DynamicAABBTreeCollisionManager::update(const std::vector<fcl::CollisionObject*>&)’
  104 |   void update(const std::vector<CollisionObject*>& updated_objs);
      |        ^~~~~~
/usr/local/include/fcl/broadphase/broadphase_dynamic_AABB_tree.h:104:8: note:   candidate expects 1 argument, 2 provided
make[1]: *** [CMakeFiles/cmTC_3dea2.dir/build.make:66: CMakeFiles/cmTC_3dea2.dir/src.cxx.o] Error 1
make[1]: Leaving directory '/home/josyula/git/openrave/build/CMakeFiles/CMakeTmp'
make: *** [Makefile:121: cmTC_3dea2/fast] Error 2


Source file was:

      #include <fcl/broadphase/broadphase.h>

      int main() {
        fcl::DynamicAABBTreeCollisionManager manager;
        std::vector<fcl::CollisionObject*> v;
        manager.update(v, false);
        return 0;
      }
